2022-10-20 11:19:01.412 | INFO     | __main__:log_table:141 - 
 |        | Price    | Chg % 1D   | Chg 1D   | Technical Rating 1D   | Vol 1D   | Volume * Price 1D   | Market cap   | P/E (TTM)   | EPS (TTM)   | Sector                 | Sector Chg % 1D   |
|--------|----------|------------|----------|-----------------------|----------|---------------------|--------------|-------------|-------------|------------------------|-------------------|
| UMS    | 2.56THB  | 29.95%     | 0.59THB  | Strong Buy            | 5.964M   | 15.267M             | 2.256BTHB    | —           | −0.01THB    | Energy Minerals        | +1.34%            |
| SMK    | 6.10THB  | 29.24%     | 1.38THB  | Buy                   | 3.427M   | 20.903M             | 944MTHB      | —           | −185.62THB  | Finance                | +0.63%            |
| ADD    | 18.8THB  | 11.24%     | 1.9THB   | Buy                   | 1.142M   | 21.475M             | 2.704BTHB    | 32.75       | 0.52THB     | Technology Services    | −2.86%            |
| BGT    | 1.69THB  | 11.18%     | 0.17THB  | Buy                   | 37.987M  | 64.198M             | 552.55MTHB   | —           | −0.04THB    | Retail Trade           | −0.30%            |
| TCOAT  | 29.00THB | 10.48%     | 2.75THB  | Buy                   | 200      | 5.8K                | 275.625MTHB  | —           | −0.39THB    | Process Industries     | +0.41%            |
| SAT    | 21.4THB  | 8.63%      | 1.7THB   | Strong Buy            | 5.413M   | 115.833M            | 8.376BTHB    | 9.70        | 2.03THB     | Producer Manufacturing | +0.93%            |
| TRV    | 4.34THB  | 8.50%      | 0.34THB  | Strong Buy            | 37.227M  | 161.567M            | 840MTHB      | 22.05       | 0.18THB     | Producer Manufacturing | +0.93%            |
| ABM    | 2.80THB  | 6.87%      | 0.18THB  | Strong Buy            | 63.518M  | 177.849M            | 1.048BTHB    | 29.11       | 0.09THB     | Process Industries     | +0.41%            |
| KAMART | 6.45THB  | 6.61%      | 0.40THB  | Buy                   | 29.351M  | 189.313M            | 5.324BTHB    | 15.08       | 0.40THB     | Distribution Services  | −0.07%            |
| KISS   | 10.00THB | 6.38%      | 0.60THB  | Buy                   | 11.203M  | 112.027M            | 5.64BTHB     | 58.60       | 0.16THB     | Commercial Services    | +0.33%            |
2022-10-21 19:25:40.328 | INFO     | __main__:log_table:144 - 
 |        | Price    | Chg % 1D   | Chg 1D   | Technical Rating 1D   | Vol 1D   | Volume * Price 1D   | Market cap   | P/E (TTM)   | EPS (TTM)   | Sector                | Sector Chg % 1D   |
|--------|----------|------------|----------|-----------------------|----------|---------------------|--------------|-------------|-------------|-----------------------|-------------------|
| SMK    | 7.90THB  | 29.51%     | 1.80THB  | Strong Buy            | 4.084M   | 32.263M             | 1.22BTHB     | —           | −185.62THB  | Finance               | −0.54%            |
| PTC    | 3.16THB  | 16.18%     | 0.44THB  | Buy                   | 116.471M | 368.049M            | 1.115BTHB    | 12.45       | 0.22THB     | Industrial Services   | +0.01%            |
| ARIP   | 1.09THB  | 15.96%     | 0.15THB  | Strong Buy            | 75.205M  | 81.973M             | 438.04MTHB   | 35.88       | 0.03THB     | Commercial Services   | +0.15%            |
| CHARAN | 29.25THB | 6.36%      | 1.75THB  | Strong Buy            | 3.7K     | 108.225K            | 330MTHB      | —           | −3.29THB    | Finance               | −0.54%            |
| ABICO  | 5.70THB  | 5.56%      | 0.30THB  | Buy                   | 381.613K | 2.175M              | 1.32BTHB     | 27.58       | 0.20THB     | Consumer Non-Durables | −0.37%            |
| CIVIL  | 3.20THB  | 5.26%      | 0.16THB  | Buy                   | 39.265M  | 125.646M            | 2.128BTHB    | 14.14       | 0.22THB     | Industrial Services   | +0.01%            |
| TPCH   | 7.50THB  | 4.90%      | 0.35THB  | Sell                  | 1.062M   | 7.964M              | 2.869BTHB    | 38.30       | 0.19THB     | Utilities             | +0.15%            |
| STECH  | 2.26THB  | 4.63%      | 0.10THB  | Buy                   | 1.031M   | 2.329M              | 1.566BTHB    | 13.78       | 0.16THB     | Non-Energy Minerals   | +0.08%            |
| MIPF   | 13.6THB  | 4.62%      | 0.6THB   | Sell                  | 100      | 1.36K               | 2.47BTHB     | 46.02       | 0.28THB     | Finance               | −0.54%            |
| MPIC   | 1.71THB  | 4.27%      | 0.07THB  | Neutral               | 343.4K   | 587.214K            | 2.132BTHB    | 165.66      | 0.01THB     | Consumer Services     | −0.30%            |
2022-10-22 11:16:09.443 | INFO     | __main__:log_table:140 - 
 |        | Price    | Chg % 1D   | Chg 1D   | Technical Rating 1D   | Vol 1D   | Volume * Price 1D   | Market cap   | P/E (TTM)   | EPS (TTM)   | Sector                | Sector Chg % 1D   |
|--------|----------|------------|----------|-----------------------|----------|---------------------|--------------|-------------|-------------|-----------------------|-------------------|
| SMK    | 7.90THB  | 29.51%     | 1.80THB  | Strong Buy            | 4.084M   | 32.263M             | 1.58BTHB     | —           | −185.62THB  | Finance               | −0.54%            |
| PTC    | 3.16THB  | 16.18%     | 0.44THB  | Buy                   | 116.471M | 368.049M            | 1.296BTHB    | 12.45       | 0.22THB     | Industrial Services   | +0.01%            |
| ARIP   | 1.09THB  | 15.96%     | 0.15THB  | Strong Buy            | 75.205M  | 81.973M             | 507.94MTHB   | 35.88       | 0.03THB     | Commercial Services   | +0.13%            |
| CHARAN | 29.25THB | 6.36%      | 1.75THB  | Strong Buy            | 3.7K     | 108.225K            | 351MTHB      | —           | −3.29THB    | Finance               | −0.54%            |
| ABICO  | 5.70THB  | 5.56%      | 0.30THB  | Buy                   | 381.613K | 2.175M              | 1.393BTHB    | 27.58       | 0.20THB     | Consumer Non-Durables | −0.35%            |
| CIVIL  | 3.20THB  | 5.26%      | 0.16THB  | Buy                   | 39.265M  | 125.646M            | 2.24BTHB     | 14.14       | 0.22THB     | Industrial Services   | +0.01%            |
| TPCH   | 7.50THB  | 4.90%      | 0.35THB  | Sell                  | 1.062M   | 7.964M              | 3.009BTHB    | 38.30       | 0.19THB     | Utilities             | +0.15%            |
| STECH  | 2.26THB  | 4.63%      | 0.10THB  | Buy                   | 1.031M   | 2.329M              | 1.638BTHB    | 13.78       | 0.16THB     | Non-Energy Minerals   | +0.08%            |
| MIPF   | 13.6THB  | 4.62%      | 0.6THB   | Sell                  | 100      | 1.36K               | 2.584BTHB    | 46.02       | 0.28THB     | Finance               | −0.54%            |
| MPIC   | 1.71THB  | 4.27%      | 0.07THB  | Neutral               | 343.4K   | 587.214K            | 2.223BTHB    | 165.66      | 0.01THB     | Consumer Services     | −0.30%            |
