2022-10-20 11:19:01.423 | INFO     | __main__:log_table:141 - 
 |       | Price    | Chg % 1D   | Chg 1D   | Technical Rating 1D   | Vol 1D   | Volume * Price 1D   | Market cap   | P/E (TTM)   | EPS (TTM)   | Sector                 | Sector Chg % 1D   |
|-------|----------|------------|----------|-----------------------|----------|---------------------|--------------|-------------|-------------|------------------------|-------------------|
| DELTA | 53.00THB | −9.40%     | −5.50THB | Sell                  | 2.15M    | 113.972M            | 41.328BTHB   | 135.76      | 0.43THB     | Technology Services    | −2.86%            |
| JTS   | 612THB   | −8.66%     | −58THB   | Sell                  | 6.221M   | 3.807B              | 835.746BTHB  | 80.90       | 8.28THB     | Electronic Technology  | −5.52%            |
| AMARC | 3.52THB  | −7.37%     | −0.28THB | —                     | 128.01M  | 450.597M            | 456MTHB      | —           | —           | Commercial Services    | +0.33%            |
| UMI   | 2.92THB  | −7.01%     | −0.22THB | Buy                   | 58.898M  | 171.981M            | 1.486BTHB    | 26.72       | 0.13THB     | Producer Manufacturing | +0.93%            |
| III   | 1.64THB  | −6.29%     | −0.11THB | Strong Sell           | 242.1K   | 397.044K            | 1.794BTHB    | 53.85       | 0.03THB     | Finance                | +0.63%            |
| PRG   | 1.18THB  | −5.60%     | −0.07THB | Sell                  | 8.829M   | 10.418M             | 937.968MTHB  | 32.72       | 0.04THB     | Retail Trade           | −0.30%            |
| NINE  | 9.7THB   | −4.90%     | −0.5THB  | Sell                  | 3.307M   | 32.076M             | 7.997BTHB    | 16.63       | 0.61THB     | Consumer Non-Durables  | +0.74%            |
| BC    | 238THB   | −4.80%     | −12THB   | Sell                  | 2.112K   | 502.656K            | 2.5BTHB      | 3.45        | 72.53THB    | Finance                | +0.63%            |
| MORE  | 16.4THB  | −4.65%     | −0.8THB  | Strong Sell           | 2.983M   | 48.92M              | 11.18BTHB    | 11.84       | 1.45THB     | Process Industries     | +0.41%            |
| KWM   | 25.75THB | −4.63%     | −1.25THB | Strong Sell           | 996.416K | 25.658M             | 14.884BTHB   | 26.68       | 1.01THB     | Finance                | +0.63%            |
2022-10-21 19:25:40.332 | INFO     | __main__:log_table:144 - 
 |       | Price    | Chg % 1D   | Chg 1D   | Technical Rating 1D   | Vol 1D   | Volume * Price 1D   | Market cap   | P/E (TTM)   | EPS (TTM)   | Sector                 | Sector Chg % 1D   |
|-------|----------|------------|----------|-----------------------|----------|---------------------|--------------|-------------|-------------|------------------------|-------------------|
| UMS   | 2.30THB  | −10.16%    | −0.26THB | Buy                   | 3.662M   | 8.423M              | 2.932BTHB    | —           | −0.01THB    | Energy Minerals        | +0.11%            |
| AMARC | 3.24THB  | −7.95%     | −0.28THB | —                     | 48.806M  | 158.131M            | 422.4MTHB    | —           | —           | Commercial Services    | +0.15%            |
| STARK | 3.26THB  | −6.86%     | −0.24THB | Strong Sell           | 151.416M | 493.617M            | 41.672BTHB   | 13.52       | 0.26THB     | Finance                | −0.54%            |
| MEGA  | 46.00THB | −6.60%     | −3.25THB | Sell                  | 5.862M   | 269.638M            | 42.94BTHB    | 18.73       | 2.63THB     | Health Technology      | −5.28%            |
| TSR   | 3.86THB  | −5.39%     | −0.22THB | Strong Sell           | 8.012M   | 30.927M             | 2.232BTHB    | 87.74       | 0.05THB     | Producer Manufacturing | −0.91%            |
| ABM   | 2.66THB  | −5.00%     | −0.14THB | Buy                   | 27.568M  | 73.331M             | 1.12BTHB     | 31.11       | 0.09THB     | Process Industries     | +0.13%            |
| RP    | 2.38THB  | −4.80%     | −0.12THB | Sell                  | 699.1K   | 1.664M              | 502.029MTHB  | —           | −0.47THB    | Transportation         | +0.50%            |
| W     | 8.40THB  | −4.55%     | −0.40THB | Strong Sell           | 13.237M  | 111.192M            | 35.112BTHB   | 11.79       | 0.75THB     | Utilities              | +0.15%            |
| TTW   | 2.10THB  | −4.55%     | −0.10THB | Neutral               | 13.222M  | 27.766M             | 1.791BTHB    | —           | −0.42THB    | Consumer Services      | −0.30%            |
| SSP   | 9.7THB   | −4.46%     | −0.5THB  | Strong Sell           | 6.151M   | 59.361M             | 12.614BTHB   | 9.02        | 1.12THB     | Utilities              | +0.15%            |
2022-10-22 11:16:09.450 | INFO     | __main__:log_table:140 - 
 |       | Price    | Chg % 1D   | Chg 1D   | Technical Rating 1D   | Vol 1D   | Volume * Price 1D   | Market cap   | P/E (TTM)   | EPS (TTM)   | Sector                 | Sector Chg % 1D   |
|-------|----------|------------|----------|-----------------------|----------|---------------------|--------------|-------------|-------------|------------------------|-------------------|
| UMS   | 2.30THB  | −10.16%    | −0.26THB | Buy                   | 3.662M   | 8.423M              | 2.634BTHB    | —           | −0.01THB    | Energy Minerals        | +0.11%            |
| AMARC | 3.24THB  | −7.95%     | −0.28THB | —                     | 48.806M  | 158.131M            | 1.361BTHB    | —           | —           | Commercial Services    | +0.13%            |
| STARK | 3.26THB  | −6.86%     | −0.24THB | Strong Sell           | 151.416M | 493.617M            | 38.815BTHB   | 13.52       | 0.26THB     | Finance                | −0.54%            |
| MEGA  | 46.00THB | −6.60%     | −3.25THB | Sell                  | 5.862M   | 269.638M            | 40.106BTHB   | 18.73       | 2.63THB     | Health Technology      | −5.28%            |
| TSR   | 3.86THB  | −5.39%     | −0.22THB | Strong Sell           | 8.012M   | 30.927M             | 2.111BTHB    | 87.74       | 0.05THB     | Producer Manufacturing | −0.91%            |
| ABM   | 2.66THB  | −5.00%     | −0.14THB | Buy                   | 27.568M  | 73.331M             | 1.064BTHB    | 31.11       | 0.09THB     | Process Industries     | +0.13%            |
| RP    | 2.38THB  | −4.80%     | −0.12THB | Sell                  | 699.1K   | 1.664M              | 477.932MTHB  | —           | −0.47THB    | Transportation         | +0.50%            |
| W     | 2.10THB  | −4.55%     | −0.10THB | Neutral               | 13.222M  | 27.766M             | 1.709BTHB    | —           | −0.42THB    | Consumer Services      | −0.30%            |
| TTW   | 8.40THB  | −4.55%     | −0.40THB | Strong Sell           | 13.237M  | 111.192M            | 33.516BTHB   | 11.79       | 0.75THB     | Utilities              | +0.15%            |
| SSP   | 9.7THB   | −4.46%     | −0.5THB  | Strong Sell           | 6.151M   | 59.361M             | 12.052BTHB   | 9.02        | 1.12THB     | Utilities              | +0.15%            |
2022-10-23 11:16:28.890 | INFO     | __main__:log_table:140 - 
 |       | Price    | Chg % 1D   | Chg 1D   | Technical Rating 1D   | Vol 1D   | Volume * Price 1D   | Market cap   | P/E (TTM)   | EPS (TTM)   | Sector                 | Sector Chg % 1D   |
|-------|----------|------------|----------|-----------------------|----------|---------------------|--------------|-------------|-------------|------------------------|-------------------|
| UMS   | 2.30THB  | −10.16%    | −0.26THB | Buy                   | 3.662M   | 8.423M              | 2.634BTHB    | —           | −0.01THB    | Energy Minerals        | +0.12%            |
| AMARC | 3.24THB  | −7.95%     | −0.28THB | —                     | 48.806M  | 158.131M            | 1.361BTHB    | —           | —           | Commercial Services    | +0.16%            |
| STARK | 3.26THB  | −6.86%     | −0.24THB | Strong Sell           | 151.416M | 493.617M            | 38.815BTHB   | 13.52       | 0.26THB     | Finance                | −0.53%            |
| MEGA  | 46.00THB | −6.60%     | −3.25THB | Sell                  | 5.862M   | 269.638M            | 40.106BTHB   | 18.73       | 2.63THB     | Health Technology      | −5.22%            |
| TSR   | 3.86THB  | −5.39%     | −0.22THB | Strong Sell           | 8.012M   | 30.927M             | 2.111BTHB    | 87.74       | 0.05THB     | Producer Manufacturing | −0.89%            |
| ABM   | 2.66THB  | −5.00%     | −0.14THB | Buy                   | 27.568M  | 73.331M             | 1.064BTHB    | 31.11       | 0.09THB     | Process Industries     | +0.13%            |
| RP    | 2.38THB  | −4.80%     | −0.12THB | Sell                  | 699.1K   | 1.664M              | 477.932MTHB  | —           | −0.47THB    | Transportation         | +0.51%            |
| W     | 8.40THB  | −4.55%     | −0.40THB | Strong Sell           | 13.237M  | 111.192M            | 33.516BTHB   | 11.79       | 0.75THB     | Utilities              | +0.18%            |
| TTW   | 2.10THB  | −4.55%     | −0.10THB | Neutral               | 13.222M  | 27.766M             | 1.709BTHB    | —           | −0.42THB    | Consumer Services      | −0.28%            |
| SSP   | 9.7THB   | −4.46%     | −0.5THB  | Strong Sell           | 6.151M   | 59.361M             | 12.052BTHB   | 9.02        | 1.12THB     | Utilities              | +0.18%            |
2022-10-24 11:21:42.515 | INFO     | __main__:log_table:140 - 
 |       | Price    | Chg % 1D   | Chg 1D   | Technical Rating 1D   | Vol 1D   | Volume * Price 1D   | Market cap   | P/E (TTM)   | EPS (TTM)   | Sector                 | Sector Chg % 1D   |
|-------|----------|------------|----------|-----------------------|----------|---------------------|--------------|-------------|-------------|------------------------|-------------------|
| UMS   | 2.30THB  | −10.16%    | −0.26THB | Buy                   | 3.662M   | 8.423M              | 2.634BTHB    | —           | −0.01THB    | Energy Minerals        | +0.12%            |
| AMARC | 3.24THB  | −7.95%     | −0.28THB | —                     | 48.806M  | 158.131M            | 1.361BTHB    | —           | —           | Commercial Services    | +0.16%            |
| STARK | 3.26THB  | −6.86%     | −0.24THB | Strong Sell           | 151.416M | 493.617M            | 38.815BTHB   | 13.52       | 0.26THB     | Finance                | −0.53%            |
| MEGA  | 46.00THB | −6.60%     | −3.25THB | Sell                  | 5.862M   | 269.638M            | 40.106BTHB   | 18.73       | 2.63THB     | Health Technology      | −5.22%            |
| TSR   | 3.86THB  | −5.39%     | −0.22THB | Strong Sell           | 8.012M   | 30.927M             | 2.111BTHB    | 87.74       | 0.05THB     | Producer Manufacturing | −0.89%            |
| ABM   | 2.66THB  | −5.00%     | −0.14THB | Buy                   | 27.568M  | 73.331M             | 1.064BTHB    | 31.11       | 0.09THB     | Process Industries     | +0.13%            |
| RP    | 2.38THB  | −4.80%     | −0.12THB | Sell                  | 699.1K   | 1.664M              | 477.932MTHB  | —           | −0.47THB    | Transportation         | +0.51%            |
| W     | 2.10THB  | −4.55%     | −0.10THB | Neutral               | 13.222M  | 27.766M             | 1.709BTHB    | —           | −0.42THB    | Consumer Services      | −0.28%            |
| TTW   | 8.40THB  | −4.55%     | −0.40THB | Strong Sell           | 13.237M  | 111.192M            | 33.516BTHB   | 11.79       | 0.75THB     | Utilities              | +0.18%            |
| SSP   | 9.65THB  | −4.46%     | −0.45THB | Strong Sell           | 6.151M   | 59.361M             | 12.052BTHB   | 9.02        | 1.12THB     | Utilities              | +0.18%            |
2022-10-25 11:18:26.193 | INFO     | __main__:log_table:140 - 
 |       | Price   | Chg % 1D   | Chg 1D   | Technical Rating 1D   | Vol 1D   | Volume * Price 1D   | Market cap   | P/E (TTM)   | EPS (TTM)   | Sector                 | Sector Chg % 1D   |
|-------|---------|------------|----------|-----------------------|----------|---------------------|--------------|-------------|-------------|------------------------|-------------------|
| SMK   | 6.65THB | −15.82%    | −1.25THB | Buy                   | 7.791M   | 51.812M             | 1.58BTHB     | —           | −185.62THB  | Finance                | +0.17%            |
| TEGH  | 4.16THB | −7.96%     | −0.36THB | Strong Sell           | 33.35M   | 138.735M            | 4.882BTHB    | —           | —           | Producer Manufacturing | −0.46%            |
| UMS   | 2.12THB | −7.83%     | −0.18THB | Sell                  | 1.197M   | 2.538M              | 2.634BTHB    | —           | −0.01THB    | Energy Minerals        | +0.71%            |
| PCC   | 3.16THB | −7.60%     | −0.26THB | —                     | 85.973M  | 271.675M            | —            | —           | —           | Electronic Technology  | +2.29%            |
| PLUS  | 10.0THB | −6.54%     | −0.7THB  | Sell                  | 13.187M  | 131.872M            | 7.169BTHB    | —           | —           | Consumer Non-Durables  | +1.31%            |
| GREEN | 1.37THB | −6.16%     | −0.09THB | Sell                  | 3.381M   | 4.632M              | 1.194BTHB    | —           | −0.03THB    | Utilities              | +0.72%            |
| SCI   | 1.59THB | −5.92%     | −0.10THB | Strong Sell           | 4.355M   | 6.924M              | 1.268BTHB    | —           | −0.12THB    | Producer Manufacturing | −0.46%            |
| CIVIL | 3.02THB | −5.63%     | −0.18THB | Strong Sell           | 7.496M   | 22.638M             | 2.24BTHB     | 14.88       | 0.22THB     | Industrial Services    | −0.65%            |
| KWM   | 4.14THB | −5.48%     | −0.24THB | Buy                   | 8.28M    | 34.278M             | 1.314BTHB    | 39.07       | 0.11THB     | Commercial Services    | +0.67%            |
| SPACK | 2.76THB | −5.48%     | −0.16THB | Neutral               | 18.653M  | 51.482M             | 1.382BTHB    | 24.85       | 0.13THB     | Producer Manufacturing | −0.46%            |
